#
# There is insufficient memory for the Java Runtime Environment to continue.
# Native memory allocation (mmap) failed to map 268435456 bytes for Failed to commit area from 0x0000000701a00000 to 0x0000000711a00000 of length 268435456.
# Possible reasons:
#   The system is out of physical RAM or swap space
#   The process is running with CompressedOops enabled, and the Java Heap may be blocking the growth of the native heap
# Possible solutions:
#   Reduce memory load on the system
#   Increase physical memory or swap space
#   Check if swap backing store is full
#   Decrease Java heap size (-Xmx/-Xms)
#   Decrease number of Java threads
#   Decrease Java thread stack sizes (-Xss)
#   Set larger code cache with -XX:ReservedCodeCacheSize=
# This output file may be truncated or incomplete.
#
#  Out of Memory Error (t:/workspace/open/src/hotspot/os/windows/os_windows.cpp:3269), pid=59260, tid=59304
#
# JRE version:  (11.0+28) (build )
# Java VM: OpenJDK 64-Bit Server VM (11+28, mixed mode, aot, sharing, tiered, compressed oops, g1 gc, windows-amd64)
# No core dump will be written. Minidumps are not enabled by default on client versions of Windows
#

---------------  S U M M A R Y ------------

Command Line: -agentlib:jdwp=transport=dt_socket,suspend=y,address=localhost:50519 -javaagent:C:\Users\jbt\.eclipse\org.eclipse.platform_4.12.0_129370284_win32_win32_x86_64\configuration\org.eclipse.osgi\411\0\.cp\lib\javaagent-shaded.jar -Dfile.encoding=Cp1255 a.Something

Host: Intel(R) Core(TM) i5-4590 CPU @ 3.30GHz, 4 cores, 15G,  Windows 10 , 64 bit Build 19041 (10.0.19041.928)
Time: Mon Jun  7 16:05:38 2021 Jerusalem Daylight Time elapsed time: 0 seconds (0d 0h 0m 0s)

---------------  T H R E A D  ---------------

Current thread (0x000001c5e5f95800):  JavaThread "Unknown thread" [_thread_in_vm, id=59304, stack(0x00000090e8f00000,0x00000090e9000000)]

Stack: [0x00000090e8f00000,0x00000090e9000000]
Native frames: (J=compiled Java code, j=interpreted, Vv=VM code, C=native code)
V  [jvm.dll+0x63adaa]
V  [jvm.dll+0x77852f]
V  [jvm.dll+0x779b18]
V  [jvm.dll+0x77a1d3]
V  [jvm.dll+0x2624c8]
V  [jvm.dll+0x63825a]
V  [jvm.dll+0x62cb15]
V  [jvm.dll+0x31563c]
V  [jvm.dll+0x3154c2]
V  [jvm.dll+0x31ad36]
V  [jvm.dll+0x36726f]
V  [jvm.dll+0x366c90]
V  [jvm.dll+0x2f2378]
V  [jvm.dll+0x2f34d6]
V  [jvm.dll+0x7517d7]
V  [jvm.dll+0x752f1f]
V  [jvm.dll+0x374099]
V  [jvm.dll+0x738059]
V  [jvm.dll+0x3e35fd]
V  [jvm.dll+0x3e5961]
C  [javaw.exe+0x3613]
C  [javaw.exe+0x17a6c]
C  [KERNEL32.DLL+0x17034]
C  [ntdll.dll+0x52651]


---------------  P R O C E S S  ---------------

Threads class SMR info:
_java_thread_list=0x000001c5e47021a0, length=0, elements={
}

Java Threads: ( => current thread )

Other Threads:
  0x000001c5e5fad000 GCTaskThread "GC Thread#0" [stack: 0x00000090e9000000,0x00000090e9100000] [id=59308]
  0x000001c5e600b800 ConcurrentGCThread "G1 Main Marker" [stack: 0x00000090e9100000,0x00000090e9200000] [id=59312]
  0x000001c5e600d000 ConcurrentGCThread "G1 Conc#0" [stack: 0x00000090e9200000,0x00000090e9300000] [id=59316]

[error occurred during error reporting (printing all threads), id 0xc0000005, EXCEPTION_ACCESS_VIOLATION (0xc0000005) at pc=0x00007ffdc3a40d37]

VM state:not at safepoint (not fully initialized)

VM Mutex/Monitor currently owned by a thread:  ([mutex/lock_event])
[0x000001c5e5f94260] Heap_lock - owner thread: 0x000001c5e5f95800

Heap address: 0x0000000701a00000, size: 4070 MB, Compressed Oops mode: Non-zero based: 0x0000000701a00000
Narrow klass base: 0x0000000000000000, Narrow klass shift: 0

GC Heap History (0 events):
No events

Deoptimization events (0 events):
No events

Classes redefined (0 events):
No events

Internal exceptions (0 events):
No events

Events (0 events):
No events


Dynamic libraries:
0x00007ff6751d0000 - 0x00007ff675215000 	C:\Program Files\Java\jdk-11\bin\javaw.exe
0x00007ffe0e570000 - 0x00007ffe0e765000 	C:\WINDOWS\SYSTEM32\ntdll.dll
0x00007ffe0cfe0000 - 0x00007ffe0d09d000 	C:\WINDOWS\System32\KERNEL32.DLL
0x00007ffe0bdd0000 - 0x00007ffe0c098000 	C:\WINDOWS\System32\KERNELBASE.dll
0x00007ffe0ce30000 - 0x00007ffe0cfd0000 	C:\WINDOWS\System32\USER32.dll
0x00007ffe0bd00000 - 0x00007ffe0bd22000 	C:\WINDOWS\System32\win32u.dll
0x00007ffe0c790000 - 0x00007ffe0c7ba000 	C:\WINDOWS\System32\GDI32.dll
0x00007ffe0c3c0000 - 0x00007ffe0c4cb000 	C:\WINDOWS\System32\gdi32full.dll
0x00007ffe0bd30000 - 0x00007ffe0bdcd000 	C:\WINDOWS\System32\msvcp_win.dll
0x00007ffe0c4d0000 - 0x00007ffe0c5d0000 	C:\WINDOWS\System32\ucrtbase.dll
0x00007ffdf8f00000 - 0x00007ffdf919a000 	C:\WINDOWS\WinSxS\amd64_microsoft.windows.common-controls_6595b64144ccf1df_6.0.19041.844_none_ca00b6081b84eb1d\COMCTL32.dll
0x00007ffe0c850000 - 0x00007ffe0c8ee000 	C:\WINDOWS\System32\msvcrt.dll
0x00007ffe0c640000 - 0x00007ffe0c670000 	C:\WINDOWS\System32\IMM32.DLL
0x00007ffdf6990000 - 0x00007ffdf69a6000 	C:\Program Files\Java\jdk-11\bin\vcruntime140.dll
0x00007ffdd5dd0000 - 0x00007ffdd5e7a000 	C:\Program Files\Java\jdk-11\bin\msvcp140.dll
0x00007ffdc3740000 - 0x00007ffdc4281000 	C:\Program Files\Java\jdk-11\bin\server\jvm.dll
0x00007ffe0e480000 - 0x00007ffe0e52c000 	C:\WINDOWS\System32\ADVAPI32.dll
0x00007ffe0d7e0000 - 0x00007ffe0d87b000 	C:\WINDOWS\System32\sechost.dll
0x00007ffe0d960000 - 0x00007ffe0da8b000 	C:\WINDOWS\System32\RPCRT4.dll
0x00007ffe0c630000 - 0x00007ffe0c638000 	C:\WINDOWS\System32\PSAPI.DLL
0x00007ffe07750000 - 0x00007ffe07759000 	C:\WINDOWS\SYSTEM32\WSOCK32.dll
0x00007ffe0aaa0000 - 0x00007ffe0aaaa000 	C:\WINDOWS\SYSTEM32\VERSION.dll
0x00007ffe0e290000 - 0x00007ffe0e2fb000 	C:\WINDOWS\System32\WS2_32.dll
0x00007ffdf4990000 - 0x00007ffdf49b7000 	C:\WINDOWS\SYSTEM32\WINMM.dll
0x00007ffe0a290000 - 0x00007ffe0a2a2000 	C:\WINDOWS\SYSTEM32\kernel.appcore.dll
0x00007ffdf98d0000 - 0x00007ffdf98e1000 	C:\Program Files\Java\jdk-11\bin\verify.dll
0x00007ffdf74c0000 - 0x00007ffdf76a4000 	C:\WINDOWS\SYSTEM32\DBGHELP.DLL
0x00007ffdf7bb0000 - 0x00007ffdf7bdc000 	C:\WINDOWS\SYSTEM32\dbgcore.DLL
0x00007ffe0c310000 - 0x00007ffe0c390000 	C:\WINDOWS\System32\bcryptPrimitives.dll
0x00007ffdf9860000 - 0x00007ffdf9888000 	C:\Program Files\Java\jdk-11\bin\java.dll
0x00007ffdebc10000 - 0x00007ffdebc47000 	C:\Program Files\Java\jdk-11\bin\jdwp.dll
0x00007ffdf6350000 - 0x00007ffdf637f000 	C:\Program Files\Java\jdk-11\bin\instrument.dll
0x00007ffdf93b0000 - 0x00007ffdf93c6000 	C:\Program Files\Java\jdk-11\bin\zip.dll
0x00007ffe076e0000 - 0x00007ffe076ea000 	C:\Program Files\Java\jdk-11\bin\jimage.dll

dbghelp: loaded successfully - version: 4.0.5 - missing functions: none
symbol engine: initialized successfully - sym options: 0x614 - pdb path: .;C:\Program Files\Java\jdk-11\bin;C:\WINDOWS\SYSTEM32;C:\WINDOWS\WinSxS\amd64_microsoft.windows.common-controls_6595b64144ccf1df_6.0.19041.844_none_ca00b6081b84eb1d;C:\Program Files\Java\jdk-11\bin\server

VM Arguments:
jvm_args: -agentlib:jdwp=transport=dt_socket,suspend=y,address=localhost:50519 -javaagent:C:\Users\jbt\.eclipse\org.eclipse.platform_4.12.0_129370284_win32_win32_x86_64\configuration\org.eclipse.osgi\411\0\.cp\lib\javaagent-shaded.jar -Dfile.encoding=Cp1255 
java_command: a.Something
java_class_path (initial): C:\Yossi\My Workspace\Lesson 01\bin
Launcher Type: SUN_STANDARD

[Global flags]
     intx CICompilerCount                          = 3                                         {product} {ergonomic}
     uint ConcGCThreads                            = 1                                         {product} {ergonomic}
     uint G1ConcRefinementThreads                  = 4                                         {product} {ergonomic}
   size_t G1HeapRegionSize                         = 1048576                                   {product} {ergonomic}
    uintx GCDrainStackTargetSize                   = 64                                        {product} {ergonomic}
   size_t InitialHeapSize                          = 268435456                                 {product} {ergonomic}
   size_t MarkStackSize                            = 4194304                                   {product} {ergonomic}
   size_t MaxHeapSize                              = 4267704320                                {product} {ergonomic}
   size_t MinHeapDeltaBytes                        = 1048576                                   {product} {ergonomic}
    uintx NonNMethodCodeHeapSize                   = 5830092                                {pd product} {ergonomic}
    uintx NonProfiledCodeHeapSize                  = 122914074                              {pd product} {ergonomic}
    uintx ProfiledCodeHeapSize                     = 122914074                              {pd product} {ergonomic}
    uintx ReservedCodeCacheSize                    = 251658240                              {pd product} {ergonomic}
     bool SegmentedCodeCache                       = true                                      {product} {ergonomic}
     bool UseCompressedClassPointers               = true                                 {lp64_product} {ergonomic}
     bool UseCompressedOops                        = true                                 {lp64_product} {ergonomic}
     bool UseG1GC                                  = true                                      {product} {ergonomic}
     bool UseLargePagesIndividualAllocation        = false                                  {pd product} {ergonomic}

Logging:
Log output configuration:
 #0: stdout all=warning uptime,level,tags
 #1: stderr all=off uptime,level,tags

Environment Variables:
JAVA_HOME=C:\Program Files\Java\jdk1.8.0_65
PATH=C:/Program Files/Java/jdk-11/bin/server;C:/Program Files/Java/jdk-11/bin;C:\Program Files\Microsoft MPI\Bin\;C:\Python37-32\Scripts\;C:\Python37-32\;C:\Python36\Scripts\;C:\Python36\;C:\Program Files (x86)\Intel\iCLS Client\;C:\Program Files\Intel\iCLS Client\;C:\ProgramData\Oracle\Java\javapath;C:\WINDOWS\system32;C:\WINDOWS;C:\WINDOWS\System32\Wbem;C:\WINDOWS\System32\WindowsPowerShell\v1.0\;C:\Windows\PQboot32;C:\Program Files (x86)\nodejs\;C:\Program Files\dotnet\;C:\Program Files (x86)\Intel\Intel(R) Management Engine Components\DAL;C:\Program Files\Intel\Intel(R) Management Engine Components\DAL;C:\Program Files (x86)\Intel\Intel(R) Management Engine Components\IPT;C:\Program Files\Intel\Intel(R) Management Engine Components\IPT;C:\WINDOWS\System32\OpenSSH\;C:\Program Files (x86)\Microsoft VS Code\bin;C:\Program Files\Git\cmd;C:\Program Files\nodejs\;C:\Program Files (x86)\Microsoft SQL Server\150\Tools\Binn\;C:\Program Files\Microsoft SQL Server\150\Tools\Binn\;C:\Program Files (x86)\Microsoft SQL Server\150\DTS\Binn\;C:\Program Files\Microsoft SQL Server\150\DTS\Binn\;C:\Program Files\Microsoft SQL Server\Client SDK\ODBC\170\Tools\Binn\;C:\Program Files\Microsoft SQL Server\130\Tools\Binn\;C:\Program Files\Java\jdk1.8.0_65\bin;C:\Program Files (x86)\Microsoft VS Code\bin;C:\Users\jbt\AppData\Local\Microsoft\WindowsApps;C:\Users\jbt\AppData\Local\Programs\Microsoft VS Code\bin;C:\Users\jbt\AppData\Roaming\npm;;C:\WINDOWS\system32;
USERNAME=jbt
OS=Windows_NT
PROCESSOR_IDENTIFIER=Intel64 Family 6 Model 60 Stepping 3, GenuineIntel



---------------  S Y S T E M  ---------------

OS: Windows 10 , 64 bit Build 19041 (10.0.19041.928)

CPU:total 4 (initial active 4) (4 cores per cpu, 1 threads per core) family 6 model 60 stepping 3, cmov, cx8, fxsr, mmx, sse, sse2, sse3, ssse3, sse4.1, sse4.2, popcnt, avx, avx2, aes, clmul, erms, lzcnt, tsc, tscinvbit, bmi1, bmi2, fma

Memory: 4k page, system-wide physical 16274M (9633M free)
TotalPageFile size 20370M (AvailPageFile size 252M)
current process WorkingSet (physical memory assigned to process): 10M, peak: 10M
current process commit charge ("private bytes"): 52M, peak: 308M

vm_info: OpenJDK 64-Bit Server VM (11+28) for windows-amd64 JRE (11+28), built on Aug 23 2018 03:04:58 by "mach5one" with MS VC++ 15.5 (VS2017)

END.
